# JRE version: 7.0_17-b02
# Java VM: Java HotSpot(TM) 64-Bit Server VM (23.7-b01 mixed mode windows-amd64 compressed oops)
Heap
 PSYoungGen      total 135552K, used 54525K [0x00000000f5560000, 0x0000000100000000, 0x0000000100000000)
  eden space 99392K, 47% used [0x00000000f5560000,0x00000000f8356a90,0x00000000fb670000)
  from space 36160K, 20% used [0x00000000fd970000,0x00000000fe0b8c28,0x00000000ffcc0000)
  to   space 35840K, 0% used [0x00000000fb670000,0x00000000fb670000,0x00000000fd970000)
 ParOldGen       total 174784K, used 87218K [0x00000000e0000000, 0x00000000eaab0000, 0x00000000f5560000)
  object space 174784K, 49% used [0x00000000e0000000,0x00000000e552cba0,0x00000000eaab0000)
 PSPermGen       total 54848K, used 54718K [0x00000000d8000000, 0x00000000db590000, 0x00000000e0000000)
  object space 54848K, 99% used [0x00000000d8000000,0x00000000db56f808,0x00000000db590000)
GC Heap History (10 events):
Event: 18.055 GC heap before
{Heap before GC invocations=12 (full 0):
 PSYoungGen      total 136768K, used 120802K [0x00000000f5560000, 0x0000000100000000, 0x0000000100000000)
  eden space 98816K, 100% used [0x00000000f5560000,0x00000000fb5e0000,0x00000000fb5e0000)
  from space 37952K, 57% used [0x00000000fb5e0000,0x00000000fcb58850,0x00000000fdaf0000)
  to   space 36672K, 0% used [0x00000000fdc30000,0x00000000fdc30000,0x0000000100000000)
 ParOldGen       total 174784K, used 66162K [0x00000000e0000000, 0x00000000eaab0000, 0x00000000f5560000)
  object space 174784K, 37% used [0x00000000e0000000,0x00000000e409c870,0x00000000eaab0000)
 PSPermGen       total 33920K, used 33832K [0x00000000d8000000, 0x00000000da120000, 0x00000000e0000000)
  object space 33920K, 99% used [0x00000000d8000000,0x00000000da10a0b8,0x00000000da120000)
Event: 18.064 GC heap after
Heap after GC invocations=12 (full 0):
 PSYoungGen      total 136384K, used 6840K [0x00000000f5560000, 0x0000000100000000, 0x0000000100000000)
  eden space 99712K, 0% used [0x00000000f5560000,0x00000000f5560000,0x00000000fb6c0000)
  from space 36672K, 18% used [0x00000000fdc30000,0x00000000fe2de090,0x0000000100000000)
  to   space 37504K, 0% used [0x00000000fb6c0000,0x00000000fb6c0000,0x00000000fdb60000)
 ParOldGen       total 174784K, used 66930K [0x00000000e0000000, 0x00000000eaab0000, 0x00000000f5560000)
  object space 174784K, 38% used [0x00000000e0000000,0x00000000e415c880,0x00000000eaab0000)
 PSPermGen       total 33920K, used 33832K [0x00000000d8000000, 0x00000000da120000, 0x00000000e0000000)
  object space 33920K, 99% used [0x00000000d8000000,0x00000000da10a0b8,0x00000000da120000)
}
Event: 19.952 GC heap before
{Heap before GC invocations=13 (full 0):
 PSYoungGen      total 136384K, used 106552K [0x00000000f5560000, 0x0000000100000000, 0x0000000100000000)
  eden space 99712K, 100% used [0x00000000f5560000,0x00000000fb6c0000,0x00000000fb6c0000)
  from space 36672K, 18% used [0x00000000fdc30000,0x00000000fe2de090,0x0000000100000000)
  to   space 37504K, 0% used [0x00000000fb6c0000,0x00000000fb6c0000,0x00000000fdb60000)
 ParOldGen       total 174784K, used 66930K [0x00000000e0000000, 0x00000000eaab0000, 0x00000000f5560000)
  object space 174784K, 38% used [0x00000000e0000000,0x00000000e415c880,0x00000000eaab0000)
 PSPermGen       total 38528K, used 38476K [0x00000000d8000000, 0x00000000da5a0000, 0x00000000e0000000)
  object space 38528K, 99% used [0x00000000d8000000,0x00000000da593020,0x00000000da5a0000)
Event: 20.010 GC heap after
Heap after GC invocations=13 (full 0):
 PSYoungGen      total 105920K, used 6173K [0x00000000f5560000, 0x0000000100000000, 0x0000000100000000)
  eden space 99712K, 0% used [0x00000000f5560000,0x00000000f5560000,0x00000000fb6c0000)
  from space 6208K, 99% used [0x00000000fb6c0000,0x00000000fbcc77d8,0x00000000fbcd0000)
  to   space 38016K, 0% used [0x00000000fdae0000,0x00000000fdae0000,0x0000000100000000)
 ParOldGen       total 174784K, used 68392K [0x00000000e0000000, 0x00000000eaab0000, 0x00000000f5560000)
  object space 174784K, 39% used [0x00000000e0000000,0x00000000e42ca270,0x00000000eaab0000)
 PSPermGen       total 38528K, used 38476K [0x00000000d8000000, 0x00000000da5a0000, 0x00000000e0000000)
  object space 38528K, 99% used [0x00000000d8000000,0x00000000da593020,0x00000000da5a0000)
}
Event: 22.338 GC heap before
{Heap before GC invocations=14 (full 0):
 PSYoungGen      total 105920K, used 105885K [0x00000000f5560000, 0x0000000100000000, 0x0000000100000000)
  eden space 99712K, 100% used [0x00000000f5560000,0x00000000fb6c0000,0x00000000fb6c0000)
  from space 6208K, 99% used [0x00000000fb6c0000,0x00000000fbcc77d8,0x00000000fbcd0000)
  to   space 38016K, 0% used [0x00000000fdae0000,0x00000000fdae0000,0x0000000100000000)
 ParOldGen       total 174784K, used 68392K [0x00000000e0000000, 0x00000000eaab0000, 0x00000000f5560000)
  object space 174784K, 39% used [0x00000000e0000000,0x00000000e42ca270,0x00000000eaab0000)
 PSPermGen       total 42368K, used 42350K [0x00000000d8000000, 0x00000000da960000, 0x00000000e0000000)
  object space 42368K, 99% used [0x00000000d8000000,0x00000000da95bad0,0x00000000da960000)
Event: 22.351 GC heap after
Heap after GC invocations=14 (full 0):
 PSYoungGen      total 137088K, used 8586K [0x00000000f5560000, 0x0000000100000000, 0x0000000100000000)
  eden space 99072K, 0% used [0x00000000f5560000,0x00000000f5560000,0x00000000fb620000)
  from space 38016K, 22% used [0x00000000fdae0000,0x00000000fe342bc8,0x0000000100000000)
  to   space 37632K, 0% used [0x00000000fb620000,0x00000000fb620000,0x00000000fdae0000)
 ParOldGen       total 174784K, used 71164K [0x00000000e0000000, 0x00000000eaab0000, 0x00000000f5560000)
  object space 174784K, 40% used [0x00000000e0000000,0x00000000e457f2c8,0x00000000eaab0000)
 PSPermGen       total 42368K, used 42350K [0x00000000d8000000, 0x00000000da960000, 0x00000000e0000000)
  object space 42368K, 99% used [0x00000000d8000000,0x00000000da95bad0,0x00000000da960000)
}
Event: 76.703 GC heap before
{Heap before GC invocations=15 (full 0):
 PSYoungGen      total 137088K, used 107658K [0x00000000f5560000, 0x0000000100000000, 0x0000000100000000)
  eden space 99072K, 100% used [0x00000000f5560000,0x00000000fb620000,0x00000000fb620000)
  from space 38016K, 22% used [0x00000000fdae0000,0x00000000fe342bc8,0x0000000100000000)
  to   space 37632K, 0% used [0x00000000fb620000,0x00000000fb620000,0x00000000fdae0000)
 ParOldGen       total 174784K, used 71164K [0x00000000e0000000, 0x00000000eaab0000, 0x00000000f5560000)
  object space 174784K, 40% used [0x00000000e0000000,0x00000000e457f2c8,0x00000000eaab0000)
 PSPermGen       total 48704K, used 48632K [0x00000000d8000000, 0x00000000daf90000, 0x00000000e0000000)
  object space 48704K, 99% used [0x00000000d8000000,0x00000000daf7e040,0x00000000daf90000)
Event: 76.727 GC heap after
Heap after GC invocations=15 (full 0):
 PSYoungGen      total 113344K, used 14215K [0x00000000f5560000, 0x00000000ffcc0000, 0x0000000100000000)
  eden space 99072K, 0% used [0x00000000f5560000,0x00000000f5560000,0x00000000fb620000)
  from space 14272K, 99% used [0x00000000fb620000,0x00000000fc401ca8,0x00000000fc410000)
  to   space 36160K, 0% used [0x00000000fd970000,0x00000000fd970000,0x00000000ffcc0000)
 ParOldGen       total 174784K, used 77074K [0x00000000e0000000, 0x00000000eaab0000, 0x00000000f5560000)
  object space 174784K, 44% used [0x00000000e0000000,0x00000000e4b44828,0x00000000eaab0000)
 PSPermGen       total 48704K, used 48632K [0x00000000d8000000, 0x00000000daf90000, 0x00000000e0000000)
  object space 48704K, 99% used [0x00000000d8000000,0x00000000daf7e040,0x00000000daf90000)
}
Event: 116.056 GC heap before
{Heap before GC invocations=16 (full 0):
 PSYoungGen      total 113344K, used 113287K [0x00000000f5560000, 0x00000000ffcc0000, 0x0000000100000000)
  eden space 99072K, 100% used [0x00000000f5560000,0x00000000fb620000,0x00000000fb620000)
  from space 14272K, 99% used [0x00000000fb620000,0x00000000fc401ca8,0x00000000fc410000)
  to   space 36160K, 0% used [0x00000000fd970000,0x00000000fd970000,0x00000000ffcc0000)
 ParOldGen       total 174784K, used 77074K [0x00000000e0000000, 0x00000000eaab0000, 0x00000000f5560000)
  object space 174784K, 44% used [0x00000000e0000000,0x00000000e4b44828,0x00000000eaab0000)
 PSPermGen       total 54464K, used 54305K [0x00000000d8000000, 0x00000000db530000, 0x00000000e0000000)
  object space 54464K, 99% used [0x00000000d8000000,0x00000000db5085d0,0x00000000db530000)
Event: 116.092 GC heap after
Heap after GC invocations=16 (full 0):
 PSYoungGen      total 135552K, used 7459K [0x00000000f5560000, 0x0000000100000000, 0x0000000100000000)
  eden space 99392K, 0% used [0x00000000f5560000,0x00000000f5560000,0x00000000fb670000)
  from space 36160K, 20% used [0x00000000fd970000,0x00000000fe0b8c28,0x00000000ffcc0000)
  to   space 35840K, 0% used [0x00000000fb670000,0x00000000fb670000,0x00000000fd970000)
 ParOldGen       total 174784K, used 87218K [0x00000000e0000000, 0x00000000eaab0000, 0x00000000f5560000)
  object space 174784K, 49% used [0x00000000e0000000,0x00000000e552cba0,0x00000000eaab0000)
 PSPermGen       total 54464K, used 54305K [0x00000000d8000000, 0x00000000db530000, 0x00000000e0000000)
  object space 54464K, 99% used [0x00000000d8000000,0x00000000db5085d0,0x00000000db530000)
}

